10-Dec-2020 02:34:19.650 INFO [main] org.apache.catalina.startup.VersionLoggerListener.log 서버 버전 이름:    Apache Tomcat/9.0.41
10-Dec-2020 02:34:19.657 INFO [main] org.apache.catalina.startup.VersionLoggerListener.log Server 빌드 시각:  Dec 3 2020 11:43:00 UTC
10-Dec-2020 02:34:19.658 INFO [main] org.apache.catalina.startup.VersionLoggerListener.log Server 버전 번호:  9.0.41.0
10-Dec-2020 02:34:19.658 INFO [main] org.apache.catalina.startup.VersionLoggerListener.log 운영체제 이름:     Windows 10
10-Dec-2020 02:34:19.658 INFO [main] org.apache.catalina.startup.VersionLoggerListener.log 운영체제 버전:     10.0
10-Dec-2020 02:34:19.658 INFO [main] org.apache.catalina.startup.VersionLoggerListener.log 아키텍처:          amd64
10-Dec-2020 02:34:19.659 INFO [main] org.apache.catalina.startup.VersionLoggerListener.log 자바 홈:           C:\Program Files\Java\jdk-15.0.1
10-Dec-2020 02:34:19.659 INFO [main] org.apache.catalina.startup.VersionLoggerListener.log JVM 버전:          15.0.1+9-18
10-Dec-2020 02:34:19.659 INFO [main] org.apache.catalina.startup.VersionLoggerListener.log JVM 벤더:          Oracle Corporation
10-Dec-2020 02:34:19.659 INFO [main] org.apache.catalina.startup.VersionLoggerListener.log CATALINA_BASE:     C:\Users\freshbell\Documents\GitHub\Spring\apache-tomcat-9.0.41
10-Dec-2020 02:34:19.659 INFO [main] org.apache.catalina.startup.VersionLoggerListener.log CATALINA_HOME:     C:\Users\freshbell\Documents\GitHub\Spring\apache-tomcat-9.0.41
10-Dec-2020 02:34:19.666 INFO [main] org.apache.catalina.startup.VersionLoggerListener.log 명령 행 아규먼트:  --add-opens=java.base/java.lang=ALL-UNNAMED
10-Dec-2020 02:34:19.671 INFO [main] org.apache.catalina.startup.VersionLoggerListener.log 명령 행 아규먼트:  --add-opens=java.base/java.io=ALL-UNNAMED
10-Dec-2020 02:34:19.673 INFO [main] org.apache.catalina.startup.VersionLoggerListener.log 명령 행 아규먼트:  --add-opens=java.rmi/sun.rmi.transport=ALL-UNNAMED
10-Dec-2020 02:34:19.674 INFO [main] org.apache.catalina.startup.VersionLoggerListener.log 명령 행 아규먼트:  -Djava.util.logging.config.file=C:\Users\freshbell\Documents\GitHub\Spring\apache-tomcat-9.0.41\conf\logging.properties
10-Dec-2020 02:34:19.675 INFO [main] org.apache.catalina.startup.VersionLoggerListener.log 명령 행 아규먼트:  -Djava.util.logging.manager=org.apache.juli.ClassLoaderLogManager
10-Dec-2020 02:34:19.676 INFO [main] org.apache.catalina.startup.VersionLoggerListener.log 명령 행 아규먼트:  -Djdk.tls.ephemeralDHKeySize=2048
10-Dec-2020 02:34:19.676 INFO [main] org.apache.catalina.startup.VersionLoggerListener.log 명령 행 아규먼트:  -Djava.protocol.handler.pkgs=org.apache.catalina.webresources
10-Dec-2020 02:34:19.677 INFO [main] org.apache.catalina.startup.VersionLoggerListener.log 명령 행 아규먼트:  -Dignore.endorsed.dirs=
10-Dec-2020 02:34:19.678 INFO [main] org.apache.catalina.startup.VersionLoggerListener.log 명령 행 아규먼트:  -Dcatalina.base=C:\Users\freshbell\Documents\GitHub\Spring\apache-tomcat-9.0.41
10-Dec-2020 02:34:19.681 INFO [main] org.apache.catalina.startup.VersionLoggerListener.log 명령 행 아규먼트:  -Dcatalina.home=C:\Users\freshbell\Documents\GitHub\Spring\apache-tomcat-9.0.41
10-Dec-2020 02:34:19.682 INFO [main] org.apache.catalina.startup.VersionLoggerListener.log 명령 행 아규먼트:  -Djava.io.tmpdir=C:\Users\freshbell\Documents\GitHub\Spring\apache-tomcat-9.0.41\temp
10-Dec-2020 02:34:19.691 INFO [main] org.apache.catalina.core.AprLifecycleListener.lifecycleEvent APR 버전 [1.7.0]을(를) 사용한, APR 기반 Apache Tomcat Native 라이브러리 [1.2.25]을(를) 로드했습니다.
10-Dec-2020 02:34:19.693 INFO [main] org.apache.catalina.core.AprLifecycleListener.lifecycleEvent APR 용량정보들: IPv6 [true], sendfile [true], accept filters [false], random [true].
10-Dec-2020 02:34:19.694 INFO [main] org.apache.catalina.core.AprLifecycleListener.lifecycleEvent APR/OpenSSL 설정: useAprConnector [false], useOpenSSL [true]
10-Dec-2020 02:34:19.714 INFO [main] org.apache.catalina.core.AprLifecycleListener.initializeSSL OpenSSL이 성공적으로 초기화되었습니다: [OpenSSL 1.1.1g  21 Apr 2020]
10-Dec-2020 02:34:19.963 INFO [main] org.apache.coyote.AbstractProtocol.init 프로토콜 핸들러 ["http-nio-8080"]을(를) 초기화합니다.
10-Dec-2020 02:34:20.074 INFO [main] org.apache.catalina.startup.Catalina.load [613] 밀리초 내에 서버가 초기화되었습니다.
10-Dec-2020 02:34:20.155 INFO [main] org.apache.catalina.core.StandardService.startInternal 서비스 [Catalina]을(를) 시작합니다.
10-Dec-2020 02:34:20.161 INFO [main] org.apache.catalina.core.StandardEngine.startInternal 서버 엔진을 시작합니다: [Apache Tomcat/9.0.41]
10-Dec-2020 02:34:20.177 INFO [main] org.apache.catalina.startup.HostConfig.deployDirectory 웹 애플리케이션 디렉토리 [C:\Users\freshbell\Documents\GitHub\Spring\apache-tomcat-9.0.41\webapps\docs]을(를) 배치합니다.
10-Dec-2020 02:34:20.665 INFO [main] org.apache.catalina.startup.HostConfig.deployDirectory 웹 애플리케이션 디렉토리 [C:\Users\freshbell\Documents\GitHub\Spring\apache-tomcat-9.0.41\webapps\docs]에 대한 배치가 [485] 밀리초에 완료되었습니다.
10-Dec-2020 02:34:20.669 INFO [main] org.apache.catalina.startup.HostConfig.deployDirectory 웹 애플리케이션 디렉토리 [C:\Users\freshbell\Documents\GitHub\Spring\apache-tomcat-9.0.41\webapps\examples]을(를) 배치합니다.
10-Dec-2020 02:34:21.271 INFO [main] org.apache.catalina.startup.HostConfig.deployDirectory 웹 애플리케이션 디렉토리 [C:\Users\freshbell\Documents\GitHub\Spring\apache-tomcat-9.0.41\webapps\examples]에 대한 배치가 [603] 밀리초에 완료되었습니다.
10-Dec-2020 02:34:21.272 INFO [main] org.apache.catalina.startup.HostConfig.deployDirectory 웹 애플리케이션 디렉토리 [C:\Users\freshbell\Documents\GitHub\Spring\apache-tomcat-9.0.41\webapps\host-manager]을(를) 배치합니다.
10-Dec-2020 02:34:21.318 INFO [main] org.apache.catalina.startup.HostConfig.deployDirectory 웹 애플리케이션 디렉토리 [C:\Users\freshbell\Documents\GitHub\Spring\apache-tomcat-9.0.41\webapps\host-manager]에 대한 배치가 [46] 밀리초에 완료되었습니다.
10-Dec-2020 02:34:21.321 INFO [main] org.apache.catalina.startup.HostConfig.deployDirectory 웹 애플리케이션 디렉토리 [C:\Users\freshbell\Documents\GitHub\Spring\apache-tomcat-9.0.41\webapps\manager]을(를) 배치합니다.
10-Dec-2020 02:34:21.362 INFO [main] org.apache.catalina.startup.HostConfig.deployDirectory 웹 애플리케이션 디렉토리 [C:\Users\freshbell\Documents\GitHub\Spring\apache-tomcat-9.0.41\webapps\manager]에 대한 배치가 [41] 밀리초에 완료되었습니다.
10-Dec-2020 02:34:21.367 INFO [main] org.apache.catalina.startup.HostConfig.deployDirectory 웹 애플리케이션 디렉토리 [C:\Users\freshbell\Documents\GitHub\Spring\apache-tomcat-9.0.41\webapps\ROOT]을(를) 배치합니다.
10-Dec-2020 02:34:21.405 INFO [main] org.apache.catalina.startup.HostConfig.deployDirectory 웹 애플리케이션 디렉토리 [C:\Users\freshbell\Documents\GitHub\Spring\apache-tomcat-9.0.41\webapps\ROOT]에 대한 배치가 [38] 밀리초에 완료되었습니다.
10-Dec-2020 02:34:21.411 INFO [main] org.apache.coyote.AbstractProtocol.start 프로토콜 핸들러 ["http-nio-8080"]을(를) 시작합니다.
10-Dec-2020 02:34:21.421 INFO [main] org.apache.catalina.startup.Catalina.start 서버가 [1342] 밀리초 내에 시작되었습니다.
10-Dec-2020 02:34:34.544 INFO [Thread-3] org.apache.coyote.AbstractProtocol.pause 프로토콜 핸들러 ["http-nio-8080"]을(를) 일시 정지 중
10-Dec-2020 02:34:34.578 INFO [Thread-3] org.apache.catalina.core.StandardService.stopInternal 서비스 [Catalina]을(를) 중지시킵니다.
10-Dec-2020 02:34:34.601 INFO [Thread-3] org.apache.coyote.AbstractProtocol.stop 프로토콜 핸들러 ["http-nio-8080"]을(를) 중지시킵니다.
10-Dec-2020 02:34:34.624 INFO [Thread-3] org.apache.coyote.AbstractProtocol.destroy 프로토콜 핸들러 ["http-nio-8080"]을(를) 소멸시킵니다.
10-Dec-2020 02:34:37.625 INFO [main] org.apache.catalina.startup.VersionLoggerListener.log 서버 버전 이름:    Apache Tomcat/9.0.41
10-Dec-2020 02:34:37.629 INFO [main] org.apache.catalina.startup.VersionLoggerListener.log Server 빌드 시각:  Dec 3 2020 11:43:00 UTC
10-Dec-2020 02:34:37.629 INFO [main] org.apache.catalina.startup.VersionLoggerListener.log Server 버전 번호:  9.0.41.0
10-Dec-2020 02:34:37.630 INFO [main] org.apache.catalina.startup.VersionLoggerListener.log 운영체제 이름:     Windows 10
10-Dec-2020 02:34:37.630 INFO [main] org.apache.catalina.startup.VersionLoggerListener.log 운영체제 버전:     10.0
10-Dec-2020 02:34:37.630 INFO [main] org.apache.catalina.startup.VersionLoggerListener.log 아키텍처:          amd64
10-Dec-2020 02:34:37.630 INFO [main] org.apache.catalina.startup.VersionLoggerListener.log 자바 홈:           C:\Program Files\Java\jdk-15.0.1
10-Dec-2020 02:34:37.631 INFO [main] org.apache.catalina.startup.VersionLoggerListener.log JVM 버전:          15.0.1+9-18
10-Dec-2020 02:34:37.631 INFO [main] org.apache.catalina.startup.VersionLoggerListener.log JVM 벤더:          Oracle Corporation
10-Dec-2020 02:34:37.631 INFO [main] org.apache.catalina.startup.VersionLoggerListener.log CATALINA_BASE:     C:\Users\freshbell\Documents\GitHub\Spring\apache-tomcat-9.0.41
10-Dec-2020 02:34:37.631 INFO [main] org.apache.catalina.startup.VersionLoggerListener.log CATALINA_HOME:     C:\Users\freshbell\Documents\GitHub\Spring\apache-tomcat-9.0.41
10-Dec-2020 02:34:37.642 INFO [main] org.apache.catalina.startup.VersionLoggerListener.log 명령 행 아규먼트:  --add-opens=java.base/java.lang=ALL-UNNAMED
10-Dec-2020 02:34:37.642 INFO [main] org.apache.catalina.startup.VersionLoggerListener.log 명령 행 아규먼트:  --add-opens=java.base/java.io=ALL-UNNAMED
10-Dec-2020 02:34:37.644 INFO [main] org.apache.catalina.startup.VersionLoggerListener.log 명령 행 아규먼트:  --add-opens=java.rmi/sun.rmi.transport=ALL-UNNAMED
10-Dec-2020 02:34:37.645 INFO [main] org.apache.catalina.startup.VersionLoggerListener.log 명령 행 아규먼트:  -Djava.util.logging.config.file=C:\Users\freshbell\Documents\GitHub\Spring\apache-tomcat-9.0.41\conf\logging.properties
10-Dec-2020 02:34:37.646 INFO [main] org.apache.catalina.startup.VersionLoggerListener.log 명령 행 아규먼트:  -Djava.util.logging.manager=org.apache.juli.ClassLoaderLogManager
10-Dec-2020 02:34:37.647 INFO [main] org.apache.catalina.startup.VersionLoggerListener.log 명령 행 아규먼트:  -Djdk.tls.ephemeralDHKeySize=2048
10-Dec-2020 02:34:37.648 INFO [main] org.apache.catalina.startup.VersionLoggerListener.log 명령 행 아규먼트:  -Djava.protocol.handler.pkgs=org.apache.catalina.webresources
10-Dec-2020 02:34:37.650 INFO [main] org.apache.catalina.startup.VersionLoggerListener.log 명령 행 아규먼트:  -Dignore.endorsed.dirs=
10-Dec-2020 02:34:37.651 INFO [main] org.apache.catalina.startup.VersionLoggerListener.log 명령 행 아규먼트:  -Dcatalina.base=C:\Users\freshbell\Documents\GitHub\Spring\apache-tomcat-9.0.41
10-Dec-2020 02:34:37.651 INFO [main] org.apache.catalina.startup.VersionLoggerListener.log 명령 행 아규먼트:  -Dcatalina.home=C:\Users\freshbell\Documents\GitHub\Spring\apache-tomcat-9.0.41
10-Dec-2020 02:34:37.652 INFO [main] org.apache.catalina.startup.VersionLoggerListener.log 명령 행 아규먼트:  -Djava.io.tmpdir=C:\Users\freshbell\Documents\GitHub\Spring\apache-tomcat-9.0.41\temp
10-Dec-2020 02:34:37.658 INFO [main] org.apache.catalina.core.AprLifecycleListener.lifecycleEvent APR 버전 [1.7.0]을(를) 사용한, APR 기반 Apache Tomcat Native 라이브러리 [1.2.25]을(를) 로드했습니다.
10-Dec-2020 02:34:37.660 INFO [main] org.apache.catalina.core.AprLifecycleListener.lifecycleEvent APR 용량정보들: IPv6 [true], sendfile [true], accept filters [false], random [true].
10-Dec-2020 02:34:37.661 INFO [main] org.apache.catalina.core.AprLifecycleListener.lifecycleEvent APR/OpenSSL 설정: useAprConnector [false], useOpenSSL [true]
10-Dec-2020 02:34:37.665 INFO [main] org.apache.catalina.core.AprLifecycleListener.initializeSSL OpenSSL이 성공적으로 초기화되었습니다: [OpenSSL 1.1.1g  21 Apr 2020]
10-Dec-2020 02:34:37.892 INFO [main] org.apache.coyote.AbstractProtocol.init 프로토콜 핸들러 ["http-nio-8080"]을(를) 초기화합니다.
10-Dec-2020 02:34:37.997 INFO [main] org.apache.catalina.startup.Catalina.load [550] 밀리초 내에 서버가 초기화되었습니다.
10-Dec-2020 02:34:38.036 INFO [main] org.apache.catalina.core.StandardService.startInternal 서비스 [Catalina]을(를) 시작합니다.
10-Dec-2020 02:34:38.039 INFO [main] org.apache.catalina.core.StandardEngine.startInternal 서버 엔진을 시작합니다: [Apache Tomcat/9.0.41]
10-Dec-2020 02:34:38.051 INFO [main] org.apache.catalina.startup.HostConfig.deployDirectory 웹 애플리케이션 디렉토리 [C:\Users\freshbell\Documents\GitHub\Spring\apache-tomcat-9.0.41\webapps\docs]을(를) 배치합니다.
10-Dec-2020 02:34:38.333 INFO [main] org.apache.catalina.startup.HostConfig.deployDirectory 웹 애플리케이션 디렉토리 [C:\Users\freshbell\Documents\GitHub\Spring\apache-tomcat-9.0.41\webapps\docs]에 대한 배치가 [281] 밀리초에 완료되었습니다.
10-Dec-2020 02:34:38.335 INFO [main] org.apache.catalina.startup.HostConfig.deployDirectory 웹 애플리케이션 디렉토리 [C:\Users\freshbell\Documents\GitHub\Spring\apache-tomcat-9.0.41\webapps\examples]을(를) 배치합니다.
10-Dec-2020 02:34:38.890 INFO [main] org.apache.catalina.startup.HostConfig.deployDirectory 웹 애플리케이션 디렉토리 [C:\Users\freshbell\Documents\GitHub\Spring\apache-tomcat-9.0.41\webapps\examples]에 대한 배치가 [555] 밀리초에 완료되었습니다.
10-Dec-2020 02:34:38.893 INFO [main] org.apache.catalina.startup.HostConfig.deployDirectory 웹 애플리케이션 디렉토리 [C:\Users\freshbell\Documents\GitHub\Spring\apache-tomcat-9.0.41\webapps\host-manager]을(를) 배치합니다.
10-Dec-2020 02:34:38.937 INFO [main] org.apache.catalina.startup.HostConfig.deployDirectory 웹 애플리케이션 디렉토리 [C:\Users\freshbell\Documents\GitHub\Spring\apache-tomcat-9.0.41\webapps\host-manager]에 대한 배치가 [43] 밀리초에 완료되었습니다.
10-Dec-2020 02:34:38.938 INFO [main] org.apache.catalina.startup.HostConfig.deployDirectory 웹 애플리케이션 디렉토리 [C:\Users\freshbell\Documents\GitHub\Spring\apache-tomcat-9.0.41\webapps\manager]을(를) 배치합니다.
10-Dec-2020 02:34:38.984 INFO [main] org.apache.catalina.startup.HostConfig.deployDirectory 웹 애플리케이션 디렉토리 [C:\Users\freshbell\Documents\GitHub\Spring\apache-tomcat-9.0.41\webapps\manager]에 대한 배치가 [46] 밀리초에 완료되었습니다.
10-Dec-2020 02:34:38.987 INFO [main] org.apache.catalina.startup.HostConfig.deployDirectory 웹 애플리케이션 디렉토리 [C:\Users\freshbell\Documents\GitHub\Spring\apache-tomcat-9.0.41\webapps\ROOT]을(를) 배치합니다.
10-Dec-2020 02:34:39.022 INFO [main] org.apache.catalina.startup.HostConfig.deployDirectory 웹 애플리케이션 디렉토리 [C:\Users\freshbell\Documents\GitHub\Spring\apache-tomcat-9.0.41\webapps\ROOT]에 대한 배치가 [35] 밀리초에 완료되었습니다.
10-Dec-2020 02:34:39.029 INFO [main] org.apache.coyote.AbstractProtocol.start 프로토콜 핸들러 ["http-nio-8080"]을(를) 시작합니다.
10-Dec-2020 02:34:39.039 INFO [main] org.apache.catalina.startup.Catalina.start 서버가 [1041] 밀리초 내에 시작되었습니다.
10-Dec-2020 02:34:40.913 INFO [Thread-3] org.apache.coyote.AbstractProtocol.pause 프로토콜 핸들러 ["http-nio-8080"]을(를) 일시 정지 중
10-Dec-2020 02:34:40.940 INFO [Thread-3] org.apache.catalina.core.StandardService.stopInternal 서비스 [Catalina]을(를) 중지시킵니다.
10-Dec-2020 02:34:40.958 INFO [Thread-3] org.apache.coyote.AbstractProtocol.stop 프로토콜 핸들러 ["http-nio-8080"]을(를) 중지시킵니다.
10-Dec-2020 02:34:40.986 INFO [Thread-3] org.apache.coyote.AbstractProtocol.destroy 프로토콜 핸들러 ["http-nio-8080"]을(를) 소멸시킵니다.
